[Saturday/December 02/12/2023 14:07:08] /home/don/Downloads/yt-dlp/How MRI Works - Part 2 - The Spin Echo - thePIRL.mkv | length=2365.228 | time=0.267
[Saturday/December 02/12/2023 20:48:04] /home/don/Downloads/yt-dlp/How MRI Works - Part 4 - The Gradient Recalled Echo (GRE) - thePIRL.mkv | length=3451.988 | time=1505.8
[Saturday/December 02/12/2023 23:32:52] /home/don/Downloads/yt-dlp/My Hero Academia OST — United States of Smash Extended Theme - GMendeM.mkv | length=224.368 | time=201.235
[Saturday/December 02/12/2023 23:34:42] /home/don/Downloads/yt-dlp/Black Clover： Sword of the Wizard King ｜ ＂Here I Stand＂ - TREASURE ｜ Netflix Anime - Netflix Anime.mkv | length=253.388 | time=157.949
[Sunday/December 03/12/2023 09:29:58] /home/don/Downloads/yt-dlp/MRI Physics ｜ Magnetic Resonance and Spin Echo Sequences - Johns Hopkins Radiology - Johns Hopkins Medicine.mkv | length=632.568 | time=1.935
[Sunday/December 03/12/2023 18:48:06] /home/don/Downloads/yt-dlp/Porn/AttractiveQueen2002 2023-10-07 05_19.mp4 | length=455.91633333333 | time=1.849
[Sunday/December 03/12/2023 18:48:09] /home/don/Downloads/yt-dlp/Porn/AttractiveQueen2002 2023-10-11 01_36.mp4 | length=773.952 | time=2.865
[Sunday/December 03/12/2023 19:25:28] /mnt/Data Drive 1/Music Temp/Music/【Miku Hatsune】【Nekomimi Switch】（Kitty Ears Switch）English Subtitle HD.mkv | length=234.682 | time=21.5
[Sunday/December 03/12/2023 19:25:33] /mnt/Data Drive 1/Music Temp/Music/y761nq.mp3 | length=179.435102 | time=4.7575911473923
[Sunday/December 03/12/2023 19:25:34] /mnt/Data Drive 1/Music Temp/Music/【Miku Hatsune】【Nekomimi Switch】（Kitty Ears Switch）English Subtitle HD.mkv | length=234.682 | time=1.067
[Sunday/December 03/12/2023 19:25:53] /mnt/Data Drive 1/Music Temp/Music/y761nq.mp3 | length=179.435102 | time=102.58482265306
[Sunday/December 03/12/2023 19:26:03] /mnt/Data Drive 1/Music Temp/Music/Sacred - Reaching Out - YouTube.mkv | length=326.802 | time=79.96
[Sunday/December 03/12/2023 19:28:13] /mnt/Data Drive 1/Music Temp/Music/Realove-Realife.mp3 | length=220.865306 | time=149.4012840204
[Sunday/December 03/12/2023 21:52:09] /home/don/Downloads/JDownloader/Videos/fukuyadou-honpo-kyoto-love-story-episode-1.mp4 | length=1867.906031746 | time=842.6
[Sunday/December 03/12/2023 21:54:00] /home/don/Downloads/JDownloader/Videos/fukuyadou-honpo-kyoto-love-story-episode-1.mp4 | length=1867.906031746 | time=8.0666666666667
[Sunday/December 03/12/2023 22:09:21] /home/don/Downloads/JDownloader/Videos/fukuyadou-honpo-kyoto-love-story-episode-1.mp4 | length=1867.906031746 | time=0
[Sunday/December 03/12/2023 23:09:45] /home/don/Downloads/JDownloader/fukuyadou-honpo-kyoto-love-story-episode-7.mp4 | length=2104.5405895692 | time=632.93333333333
[Monday/December 04/12/2023 07:51:02] /home/don/Downloads/JDownloader/fukuyadou-honpo-kyoto-love-story-episode-12.mp4 | length=2120.0282993197 | time=1968.7333333333
[Monday/December 04/12/2023 07:54:45] /home/don/Downloads/yt-dlp/【静止画MAD】海賊王に俺はなるーONE PIECEー - ふーがまん.mkv | length=209.908 | time=113.633
[Monday/December 04/12/2023 07:54:48] /home/don/Downloads/yt-dlp/Learn Python - Full Course for Beginners [Tutorial] - freeCodeCamp.org.mkv | length=16012.32 | time=2.967
[Monday/December 04/12/2023 11:00:59] /home/don/Downloads/JDownloader/fukuyadou-honpo-kyoto-love-story-episode-2.mp4 | length=2012.9146485261 | time=1895.7666666667
[Monday/December 04/12/2023 11:01:55] /home/don/Downloads/JDownloader/fukuyadou-honpo-kyoto-love-story-episode-2.mp4 | length=2012.9146485261 | time=1912.8333333333
[Monday/December 04/12/2023 11:12:24] /home/don/Downloads/JDownloader/fukuyadou-honpo-kyoto-love-story-episode-3.mp4 | length=2055.5000453515 | time=329.96666666667
[Monday/December 04/12/2023 11:12:28] /home/don/Downloads/JDownloader/fukuyadou-honpo-kyoto-love-story-episode-2.mp4 | length=2012.9146485261 | time=1913.1666666667
[Monday/December 04/12/2023 11:48:17] /home/don/Downloads/JDownloader/fukuyadou-honpo-kyoto-love-story-episode-3.mp4 | length=2055.5000453515 | time=2035.7
[Monday/December 04/12/2023 11:48:21] /home/don/Downloads/JDownloader/fukuyadou-honpo-kyoto-love-story-episode-4.mp4 | length=2033.1392290249 | time=6.9333333333333
[Monday/December 04/12/2023 11:56:36] /home/don/Downloads/JDownloader/fukuyadou-honpo-kyoto-love-story-episode-3.mp4 | length=2055.5000453515 | time=2038.5333333333
[Monday/December 04/12/2023 12:15:36] /home/don/Downloads/JDownloader/fukuyadou-honpo-kyoto-love-story-episode-4.mp4 | length=2033.1392290249 | time=1988.1
[Monday/December 04/12/2023 12:16:51] /home/don/Downloads/JDownloader/fukuyadou-honpo-kyoto-love-story-episode-5.mp4 | length=1861.8920634921 | time=499.6
[Monday/December 04/12/2023 12:55:56] /home/don/Downloads/JDownloader/fukuyadou-honpo-kyoto-love-story-episode-5.mp4 | length=1861.8920634921 | time=1812.3
[Monday/December 04/12/2023 13:00:27] /home/don/Downloads/JDownloader/fukuyadou-honpo-kyoto-love-story-episode-6.mp4 | length=1967.3570975057 | time=1372.7
[Monday/December 04/12/2023 13:08:14] /home/don/Downloads/JDownloader/fukuyadou-honpo-kyoto-love-story-episode-7.mp4 | length=2104.5405895692 | time=1814.6
[Monday/December 04/12/2023 13:23:50] /home/don/Downloads/JDownloader/fukuyadou-honpo-kyoto-love-story-episode-8.mp4 | length=2159.5333333333 | time=2144.4333333333
[Monday/December 04/12/2023 13:34:51] /home/don/Downloads/JDownloader/fukuyadou-honpo-kyoto-love-story-episode-9.mp4 | length=2233.7596371882 | time=2219.8333333333
[Monday/December 04/12/2023 13:37:26] /home/don/Downloads/JDownloader/fukuyadou-honpo-kyoto-love-story-episode-10.mp4 | length=2059.0294784581 | time=2031.7333333333
[Monday/December 04/12/2023 13:38:26] /home/don/Downloads/JDownloader/fukuyadou-honpo-kyoto-love-story-episode-11.mp4 | length=1982.0088888889 | time=1941.8666666667
[Monday/December 04/12/2023 13:39:10] /home/don/Downloads/JDownloader/fukuyadou-honpo-kyoto-love-story-episode-12.mp4 | length=2120.0282993197 | time=1986.5666666667
[Monday/December 04/12/2023 17:29:46] /home/don/Downloads/Torrents/Depp.v.Heard.S01E01.Truth.on.Trial.1080p.NF.WEB-DL.DDP5.1.x264-CMRG[TGx]/Depp.v.Heard.S01E01.Truth.on.Trial.1080p.NF.WEB-DL.DDP5.1.x264-CMRG.mkv | length=2872.352 | time=24
[Monday/December 04/12/2023 19:25:46] /home/don/Downloads/Torrents/Depp.v.Heard.S01E01.Truth.on.Trial.1080p.NF.WEB-DL.DDP5.1.x264-CMRG[TGx]/Depp.v.Heard.S01E01.Truth.on.Trial.1080p.NF.WEB-DL.DDP5.1.x264-CMRG.mkv | length=2872.352 | time=2654.8
[Monday/December 04/12/2023 21:16:47] /home/don/Downloads/yt-dlp/Use Portainer to update your Docker Containers while they are running.  No command line needed. - Awesome Open Source.mkv | length=668.028 | time=636.066
[Tuesday/December 05/12/2023 08:28:19] /home/don/Downloads/yt-dlp/Use Portainer to update your Docker Containers while they are running.  No command line needed. - Awesome Open Source.mkv | length=668.028 | time=215.05
[Tuesday/December 05/12/2023 08:28:19] /home/don/Downloads/yt-dlp/Use Portainer to update your Docker Containers while they are running.  No command line needed. - Awesome Open Source.mkv | length=668.028 | time=2.333
[Wednesday/December 06/12/2023 10:17:56] /home/don/Downloads/yt-dlp/에릭남 (Eric Nam) - 놓지마 (Hold Me) Live Band Performance - Stone Music Entertainment.mkv | length=229.708 | time=229.69958489397
[Wednesday/December 06/12/2023 10:18:30] /home/don/Downloads/yt-dlp/에릭남 (Eric Nam) - 놓지마 (Hold Me) Live Band Performance - Stone Music Entertainment.mkv | length=229.708 | time=2.461
[Wednesday/December 06/12/2023 10:19:03] /home/don/Downloads/yt-dlp/TREASURE - 'BEAUTIFUL' (Anime M⧸V) - TREASURE (트레저).mkv | length=101.308 | time=89.99
[Thursday/December 07/12/2023 11:39:00] /home/don/Downloads/Torrents/Chocolate lunch from Karina and Kamilla.mp4 | length=716.384 | time=2.6026
[Thursday/December 07/12/2023 11:43:20] /home/don/Downloads/Torrents/Chocolate lunch from Karina and Kamilla.mp4 | length=716.384 | time=136.20273333333
[Thursday/December 07/12/2023 13:47:49] /home/don/Downloads/yt-dlp/【ジョジョの奇妙な冒険】第7部 Steel ball runーCrazy my Beatー - ふーがまん.mkv | length=309.148 | time=1.467
[Thursday/December 07/12/2023 14:42:37] /home/don/Downloads/yt-dlp/에릭남 (Eric Nam) - 놓지마 (Hold Me) Live Band Performance - Stone Music Entertainment.mkv | length=229.708 | time=91.007
[Thursday/December 07/12/2023 18:40:18] /home/don/Downloads/Torrents/Chocolate lunch from Karina and Kamilla.mp4 | length=716.384 | time=574.574
[Thursday/December 07/12/2023 19:12:55] /home/don/Downloads/yt-dlp/Porn/New Folder/Twitch alleiyona8 2023-09-28.mp4 | length=29.482666666667 | time=20.334
[Thursday/December 07/12/2023 20:19:10] /home/don/Downloads/yt-dlp/George Michael - Freedom '90 (dolltr!ck Ableton Live Cover) ｜ #jamuary 2023 [09⧸31] - dolltr!ck.mkv | length=270.888 | time=242.25
[Thursday/December 07/12/2023 20:44:39] /home/don/Downloads/yt-dlp/Owl City - To The Sky (Official Music Video) - Owl City.mkv | length=218.528 | time=199.366
[Thursday/December 07/12/2023 20:44:54] /home/don/Downloads/yt-dlp/George Michael - Freedom '90 (dolltr!ck Ableton Live Cover) ｜ #jamuary 2023 [09⧸31] - dolltr!ck.mkv | length=270.888 | time=197.2
[Friday/December 08/12/2023 01:50:07] /home/don/Downloads/Internet/gwen date/vids/20230615225712054.mp4 | length=155.66657596372 | time=39.166666
[Friday/December 08/12/2023 01:50:11] /home/don/Downloads/Internet/gwen date/vids/20230615230446194.mp4 | length=70.588662131519 | time=26.666666
[Friday/December 08/12/2023 01:50:16] /home/don/Downloads/Internet/gwen date/vids/20230615230704087.mp4 | length=4.41179138322 | time=3.533333
[Friday/December 08/12/2023 01:50:18] /home/don/Downloads/Internet/gwen date/vids/20230615231024526.mp4 | length=106.23333233333 | time=2.333333
[Friday/December 08/12/2023 01:50:23] /home/don/Downloads/Internet/gwen date/vids/20230615231354735.mp4 | length=10.147120181406 | time=10.146890744608
[Friday/December 08/12/2023 01:50:28] /home/don/Downloads/Internet/gwen date/vids/20230615231540100.mp4 | length=34.806712018141 | time=31.833333
[Friday/December 08/12/2023 01:50:33] /home/don/Downloads/Internet/gwen date/vids/20230615231802191.mp4 | length=20.433560090703 | time=16.733333
[Friday/December 08/12/2023 01:50:50] /home/don/Downloads/Internet/gwen date/vids/20230615232059555.mp4 | length=32.716916099773 | time=32.716684257288
[Friday/December 08/12/2023 01:51:31] /home/don/Downloads/Internet/gwen date/vids/20230615232450117.mp4 | length=58.119546485261 | time=40.933333
[Friday/December 08/12/2023 01:51:35] /home/don/Downloads/Internet/gwen date/vids/20230615233246352.mp4 | length=13.049614512472 | time=11.166666
[Friday/December 08/12/2023 01:51:40] /home/don/Downloads/Internet/gwen date/vids/20230615233630195.mp4 | length=24.775691609977 | time=10.733333
[Friday/December 08/12/2023 01:51:43] /home/don/Downloads/Internet/gwen date/vids/20230615234242751.mp4 | length=58.909024943311 | time=47.166666
[Friday/December 08/12/2023 01:51:46] /home/don/Downloads/Internet/gwen date/vids/20230615234549051.mp4 | length=10.472199546485 | time=9.033333
[Friday/December 08/12/2023 01:51:49] /home/don/Downloads/Internet/gwen date/vids/20230615234806491.mp4 | length=5.2477097505669 | time=5.2474617259211
[Friday/December 08/12/2023 01:51:51] /home/don/Downloads/Internet/gwen date/vids/20230615235702465.mp4 | length=13.792653061224 | time=12.033333
[Friday/December 08/12/2023 01:51:54] /home/don/Downloads/Internet/gwen date/vids/20230616000219907.mp4 | length=35.990929705215 | time=34.733333
[Friday/December 08/12/2023 01:51:56] /home/don/Downloads/Internet/gwen date/vids/20230616001331593.mp4 | length=4.0402721088435 | time=4.0400332941395
[Friday/December 08/12/2023 01:52:03] /home/don/Downloads/Internet/gwen date/vids/20230616001848590.mp4 | length=47.786666666667 | time=46.433333
[Friday/December 08/12/2023 01:57:43] /home/don/Downloads/Torrents/.temp/[BratPrincess] Lola - brownies and lemonade (toliet slave traning product rewiew)/[BratPrincess] Lola - brownies and lemonade (toliet slave traning product rewiew).mp4 | length=1345.9112333333 | time=818.2174
[Friday/December 08/12/2023 01:58:03] /home/don/Downloads/Torrents/.temp/Princess Aurora - House Of Horrors - Encouraged Bi Bitches - Miss Kitty, Nera Skye/Princess Aurora - House Of Horrors - Encouraged Bi Bitches - Miss Kitty, Nera Skye.mp4 | length=394.02696666667 | time=252.35136666667
[Friday/December 08/12/2023 01:58:05] /home/don/Downloads/Torrents/.temp/Maya Sinstress - Second Glazing Encouraged Bi/Maya Sinstress - Second Glazing Encouraged Bi.mp4 | length=1351.0146031746 | time=0.4664
[Friday/December 08/12/2023 01:58:11] /home/don/Downloads/Torrents/.temp/Lady Karame - A Fuck Gift For My House Slave (Ein Fickgeschenk Für Meinen Haussklaven)/Lady Karame - A Fuck Gift For My House Slave (Ein Fickgeschenk Für Meinen Haussklaven).mp4 | length=578.32 | time=513.68
[Friday/December 08/12/2023 01:58:22] /home/don/Downloads/Torrents/.temp/MandyMarx - MandyAllieMarisol&Lucid TheQCCPBloopersSpecial/MandyMarx - MandyAllieMarisol&Lucid TheQCCPBloopersSpecial.mp4 | length=605.5049 | time=278.1108
[Friday/December 08/12/2023 01:58:27] /home/don/Downloads/Torrents/.temp/Tara_Tainton_in_Your_Most_Humiliating_Orgasm_Yet__58.07_Premium_user_request_.mp4 | length=2253.0174333333 | time=1040.9732666667
[Friday/December 08/12/2023 01:58:34] /home/don/Downloads/Torrents/.temp/EPIC feeding with Goddess Zaleya.mp4 | length=2141.9246938776 | time=949.38270327984
[Friday/December 08/12/2023 02:15:10] /home/don/Downloads/Torrents/Poo19 - Smelly Milana - Complete Collection/6 girls. Shit in the pot!.mp4 | length=2262.4 | time=1941.8084751418
[Friday/December 08/12/2023 08:44:53] /home/don/Downloads/Internet/zPV0imF.mp4 | length=49.233333333333 | time=32.9
[Friday/December 08/12/2023 08:44:58] /home/don/Downloads/Internet/zPV0imF.mp4 | length=49.233333333333 | time=22.4
[Friday/December 08/12/2023 08:57:37] /home/don/Downloads/VID20220618133143.mp4 | length=250.66666666667 | time=150.82448888889
[Friday/December 08/12/2023 08:57:42] /home/don/Downloads/VID20220618133143.mp4 | length=250.66666666667 | time=45.437822222222
[Friday/December 08/12/2023 09:02:58] /home/don/Downloads/Internet/ckey/Non-Cosplay/ (1).mp4 | length=9.8917006802721 | time=2.75
[Friday/December 08/12/2023 09:16:41] /home/don/Downloads/Scripts/Handbrake/Input/manajli-2023-02-14_07-50-01.mp4 | length=4545.5969888889 | time=2963.1233222222
[Friday/December 08/12/2023 11:41:16] /home/don/Downloads/yt-dlp/Black Clover： Sword of the Wizard King ｜ ＂Here I Stand＂ - TREASURE ｜ Netflix Anime - Netflix Anime.mkv | length=253.388 | time=209.167
[Friday/December 08/12/2023 11:42:06] /home/don/Downloads/yt-dlp/My Hero Academia OST — United States of Smash Extended Theme - GMendeM.mkv | length=224.368 | time=190.056
[Friday/December 08/12/2023 11:44:32] /home/don/Downloads/yt-dlp/TREASURE - 'BEAUTIFUL' (Anime M⧸V) - TREASURE (트레저).mkv | length=101.308 | time=83.283
[Friday/December 08/12/2023 11:44:46] /home/don/Downloads/yt-dlp/【静止画MAD】海賊王に俺はなるーONE PIECEー - ふーがまん.mkv | length=209.908 | time=52.834
[Friday/December 08/12/2023 11:49:27] /home/don/Downloads/yt-dlp/【ジョジョの奇妙な冒険】第7部 Steel ball runーCrazy my Beatー - ふーがまん.mkv | length=309.148 | time=309.12348500136
[Friday/December 08/12/2023 11:50:10] /home/don/Downloads/yt-dlp/【静止画MAD】海賊王に俺はなるーONE PIECEー - ふーがまん.mkv | length=209.908 | time=43.6
[Saturday/December 09/12/2023 11:20:15] /home/don/Downloads/Torrents/Poo19 - Smelly Milana - Complete Collection/6 girls. Shit in the pot!.mp4 | length=2262.4 | time=2196.2629295963
[Saturday/December 09/12/2023 11:27:43] /home/don/Downloads/Torrents/Poo19 - Smelly Milana - Complete Collection/6 girls. Shit in the pot!.mp4 | length=2262.4 | time=1244.2776109443
[Saturday/December 09/12/2023 11:34:33] /home/don/Downloads/Torrents/Poo19 - Smelly Milana - Complete Collection/4 Girls throwing eggs at the target.mp4 | length=1728.3413333333 | time=526.52652652653
[Saturday/December 09/12/2023 14:03:56] /home/don/Downloads/Torrents/.temp/Poo19 - Smelly Milana - Complete Collection/Bar for the toilet slave.mp4 | length=291.232 | time=113.74696666667
[Saturday/December 09/12/2023 14:06:44] /home/don/Downloads/Torrents/.temp/Poo19 - Smelly Milana - Complete Collection/4 Girls throwing eggs at the target.mp4 | length=1728.3413333333 | time=411.37804471138
[Saturday/December 09/12/2023 14:09:47] /home/don/Downloads/Torrents/.temp/Poo19 - Smelly Milana - Complete Collection/6 girls. Shit in the pot!.mp4 | length=2262.4 | time=1740.4070737404
[Saturday/December 09/12/2023 17:40:40] /home/don/Downloads/yt-dlp/TREASURE - 'BEAUTIFUL' (Anime M⧸V) - TREASURE (트레저).mkv | length=101.308 | time=82.849
[Saturday/December 09/12/2023 17:42:28] /home/don/Downloads/yt-dlp/Black Clover： Sword of the Wizard King ｜ ＂Here I Stand＂ - TREASURE ｜ Netflix Anime - Netflix Anime.mkv | length=253.388 | time=213.797
[Saturday/December 09/12/2023 17:42:37] /home/don/Downloads/yt-dlp/Owl City - To The Sky (Official Music Video) - Owl City.mkv | length=218.528 | time=169.711
[Saturday/December 09/12/2023 17:43:29] /home/don/Downloads/yt-dlp/My Hero Academia OST — United States of Smash Extended Theme - GMendeM.mkv | length=224.368 | time=51.618
[Sunday/December 10/12/2023 09:58:46] /home/don/Downloads/Torrents/.temp/Poo19 - Smelly Milana - Complete Collection/Bar for the toilet slave.mp4 | length=291.232 | time=178.9788
[Sunday/December 10/12/2023 18:09:20] /home/don/Downloads/Torrents/.temp/Scat Movie World - MEGAPACK - 132 videos (720p - 1080p)/Scat Movie World - Chantal und ihr Onkel (Teil 3).mp4 | length=768.64 | time=768.61844878742
[Sunday/December 10/12/2023 18:09:21] /home/don/Downloads/Torrents/.temp/Scat Movie World - MEGAPACK - 132 videos (720p - 1080p)/Scat Movie World - Chantal und ihr Onkel (Teil 3).mp4 | length=768.64 | time=0
[Sunday/December 10/12/2023 23:43:39] /home/don/Downloads/yt-dlp/初めてのbackpack整理！ - HiNas3ちゃんねる.mkv | length=26824.368 | time=1551.017
[Monday/December 11/12/2023 08:17:31] /home/don/Downloads/yt-dlp/初めてのbackpack整理！ - HiNas3ちゃんねる.mkv | length=26824.368 | time=0
[Monday/December 11/12/2023 10:19:38] /home/don/Downloads/yt-dlp/【ジョジョの奇妙な冒険】第7部 Steel ball runーCrazy my Beatー - ふーがまん.mkv | length=309.148 | time=231.2
[Monday/December 11/12/2023 18:09:48] /home/don/Downloads/yt-dlp/The BEST Anki Settings and Algorithm Explained (by an expert!) - The AnKing.mkv | length=2554.668 | time=0
[Monday/December 11/12/2023 18:14:39] /home/don/Downloads/yt-dlp/初めてのbackpack整理！ - HiNas3ちゃんねる.mkv | length=26824.368 | time=2173.433
[Monday/December 11/12/2023 20:24:22] /home/don/Downloads/yt-dlp/HiNas3/新しいFPSのゲームする！ - HiNas3ちゃんねる.mkv | length=14345.988 | time=14175.217
[Monday/December 11/12/2023 22:41:41] /home/don/Downloads/yt-dlp/HiNas3/新しいFPSのゲームする！ - HiNas3ちゃんねる.mkv | length=14345.988 | time=14076.383
[Tuesday/December 12/12/2023 15:35:48] /home/don/Downloads/XDM/Video/livecamrips.com voyeurcam-julmodels-bath-2nd-1 live show recorded on 2023-09-29 13:30:06.mp4 | length=94890.794666667 | time=1783.2333333333
[Tuesday/December 12/12/2023 15:36:22] /home/don/Downloads/XDM/Video/livecamrips.com voyeurcam-julmodels-bath-2nd-1 live show recorded on 2023-10-15 13:37:10.mp4 | length=194342.16666667 | time=177616.4
[Tuesday/December 12/12/2023 15:36:38] /home/don/Downloads/XDM/Video/livecamrips.com voyeurcam-julmodels-bath-2nd-1 live show recorded on 2023-11-12 12:54:06.mp4 | length=106951.06800454 | time=18972.9
[Wednesday/December 13/12/2023 16:22:18] /home/don/mpv-shot0001.jpg | length=0 | time=0
[Wednesday/December 13/12/2023 16:22:18] /home/don/mpv-shot0002.jpg | length=0 | time=0
[Wednesday/December 13/12/2023 16:22:21] /home/don/Kiritika_1 2023-12-13 15_54 [Kiritika_1].mp4 | length=1.9983333333333 | time=2.014784013901
[Wednesday/December 13/12/2023 16:22:23] /home/don/Kiritika_1 2023-12-13 15_55 [Kiritika_1].mp4 | length=1.8346666666667 | time=1.589
[Wednesday/December 13/12/2023 16:49:57] /home/don/Downloads/Web Grabs/StreaMonitor-master/downloads/KarimRasi [SC]/KarimRasi-20231213-164920.mp4 | length=2.048 | time=2.072
[Wednesday/December 13/12/2023 16:49:58] /home/don/Downloads/Web Grabs/StreaMonitor-master/downloads/KarimRasi [SC]/KarimRasi-20231213-164932.mp4 | length=2.0053333333333 | time=0.707
[Wednesday/December 13/12/2023 16:52:07] /home/don/Downloads/Web Grabs/StreaMonitor-master/downloads/KarimRasi [SC]/KarimRasi-20231213-164944.mp4 | length=2.0906666666667 | time=2.0904731683392
[Wednesday/December 13/12/2023 16:52:09] /home/don/Downloads/Web Grabs/StreaMonitor-master/downloads/KarimRasi [SC]/KarimRasi-20231213-165039.mp4 | length=2.0053333333333 | time=2.014
[Wednesday/December 13/12/2023 16:53:30] /home/don/Downloads/Web Grabs/StreaMonitor-master/downloads/KarimRasi [SC]/KarimRasi-20231213-165308.mp4 | length=2.0053333333333 | time=1.94
[Wednesday/December 13/12/2023 16:59:19] /home/don/Downloads/Web Grabs/StreaMonitor-master/Kiritika_1 2023-12-13 16_54 [Kiritika_1].mp4 | length=2.048 | time=2.093
[Wednesday/December 13/12/2023 17:03:42] /home/don/Downloads/Web Grabs/StreaMonitor-master/downloads/Kiritika_1 [SC]/Kiritika_1-20231213-165922.mp4 | length=2.0053333333333 | time=2.005117566458
[Wednesday/December 13/12/2023 17:03:44] /home/don/Downloads/Web Grabs/StreaMonitor-master/downloads/Kiritika_1 [SC]/Kiritika_1-20231213-170214.mp4 | length=2.0164 | time=2.042
[Wednesday/December 13/12/2023 17:03:46] /home/don/Downloads/Web Grabs/StreaMonitor-master/downloads/Kiritika_1 [SC]/Kiritika_1-20231213-170245.mp4 | length=2.0266666666667 | time=2.0264519596396
[Wednesday/December 13/12/2023 17:12:19] /home/don/Downloads/Web Grabs/StripchatRecorder-main/captures/dipa-rani/2023.12.13_17.11.55_dipa-rani.mp4 | length=1548.0411333333 | time=1525.5
[Wednesday/December 13/12/2023 17:14:51] /home/don/Downloads/Web Grabs/StripchatRecorder-main/captures/dipa-rani/2023.12.13_17.11.55_dipa-rani.mp4 | length=1656.0521333333 | time=1644.004
[Wednesday/December 13/12/2023 17:14:53] /home/don/Downloads/Web Grabs/StripchatRecorder-main/captures/dipa-rani/2023.12.13_17.14.05_dipa-rani.mp4 | length=1702.5441333333 | time=1648.147
[Wednesday/December 13/12/2023 17:14:56] /home/don/Downloads/Web Grabs/StripchatRecorder-main/captures/dipa-rani/2023.12.13_17.14.05_dipa-rani.mp4 | length=1702.5441333333 | time=1673.939
[Wednesday/December 13/12/2023 17:30:05] /home/don/Downloads/Web Grabs/StripchatRecorder-main/captures/kiritika_1/2023.12.13_17.17.57_kiritika_1.mp4 | length=1076.4503666667 | time=1029.477
[Wednesday/December 13/12/2023 17:41:41] /home/don/Downloads/Web Grabs/StripchatRecorder-main/captures/kiritika_1/2023.12.13_17.17.57_kiritika_1.mp4 | length=1768.4343666667 | time=1747.967
[Wednesday/December 13/12/2023 17:41:52] /home/don/Downloads/Web Grabs/StripchatRecorder-main/captures/melina-arabic23/2023.12.13_17.18.17_melina-arabic23.mp4 | length=614.39354166667 | time=611.998
[Wednesday/December 13/12/2023 17:42:11] /home/don/Downloads/Web Grabs/StripchatRecorder-main/captures/hot_priya9/2023.12.13_17.20.18_hot_priya9.mp4 | length=1515.6934375 | time=1275.789
[Wednesday/December 13/12/2023 17:42:22] /home/don/Downloads/Web Grabs/StripchatRecorder-main/captures/dipa-rani/2023.12.13_17.17.17_dipa-rani.mp4 | length=2200.0321333333 | time=1996.685
[Wednesday/December 13/12/2023 17:42:27] /home/don/Downloads/Web Grabs/StripchatRecorder-main/captures/dipa-rani/2023.12.13_17.11.55_dipa-rani.mp4 | length=1656.0521333333 | time=1623.921
[Wednesday/December 13/12/2023 17:51:44] /home/don/Downloads/Web Grabs/StripchatRecorder-main/captures/ambar_sabag/2023.12.13_17.44.22_ambar_sabag.mp4 | length=988.39906666667 | time=961.033
[Wednesday/December 13/12/2023 17:54:22] /home/don/Downloads/Web Grabs/StripchatRecorder-main/captures/ambar_sabag/2023.12.13_17.44.22_ambar_sabag.mp4 | length=1048.3660666667 | time=817.233
[Wednesday/December 13/12/2023 17:54:54] /home/don/Downloads/Web Grabs/StripchatRecorder-main/captures/kiritika_1/2023.12.13_17.17.57_kiritika_1.mp4 | length=2092.4323666667 | time=2006.099
[Wednesday/December 13/12/2023 17:56:04] /home/don/Downloads/Web Grabs/StripchatRecorder-main/captures/hot_priya9/2023.12.13_17.20.18_hot_priya9.mp4 | length=1515.6934375 | time=994.509
[Wednesday/December 13/12/2023 17:56:35] /home/don/Downloads/Web Grabs/StripchatRecorder-main/captures/simplesiya/2023.12.13_17.47.42_simplesiya.mp4 | length=1141.4932222222 | time=1132.05
[Wednesday/December 13/12/2023 18:04:18] /home/don/Downloads/Web Grabs/StripchatRecorder-main/captures/simplesiya/2023.12.13_17.47.42_simplesiya.mp4 | length=1397.9552222222 | time=1154.321
[Wednesday/December 13/12/2023 18:08:32] /home/don/Downloads/Web Grabs/StripchatRecorder-main/captures/sweet_jia23/2023.12.13_17.55.10_sweet_jia23.mp4 | length=871.75793333333 | time=857.651
[Wednesday/December 13/12/2023 18:13:15] /home/don/Downloads/Web Grabs/StripchatRecorder-main/captures/sweet_jia23/2023.12.13_17.55.10_sweet_jia23.mp4 | length=1091.2439333333 | time=542.904
[Wednesday/December 13/12/2023 18:14:23] /home/don/Downloads/Web Grabs/StripchatRecorder-main/captures/cuterhea69/2023.12.13_18.10.48_cuterhea69.mp4 | length=1244.7817111111 | time=1228.9491099111
[Wednesday/December 13/12/2023 18:15:50] /home/don/Downloads/Web Grabs/StripchatRecorder-main/captures/thirsty_malika/2023.12.13_18.11.34_thirsty_malika.mp4 | length=625.99668888889 | time=558.184
[Wednesday/December 13/12/2023 18:17:24] /home/don/Downloads/Web Grabs/StripchatRecorder-main/captures/kajal_patel/2023.12.13_18.12.24_kajal_patel.mp4 | length=530.80502222222 | time=526.811
[Wednesday/December 13/12/2023 18:21:25] /home/don/Downloads/Web Grabs/StripchatRecorder-main/captures/hot_priya9/2023.12.13_17.20.18_hot_priya9.mp4 | length=1515.6934375 | time=1387.917
[Wednesday/December 13/12/2023 18:22:18] /home/don/Downloads/Web Grabs/StripchatRecorder-main/captures/sweet_jia23/2023.12.13_17.55.10_sweet_jia23.mp4 | length=1091.2439333333 | time=1079.9571136674
[Wednesday/December 13/12/2023 18:25:53] /home/don/Downloads/Web Grabs/StripchatRecorder-main/captures/kajal_patel/2023.12.13_18.12.24_kajal_patel.mp4 | length=766.75202222222 | time=755.978
[Wednesday/December 13/12/2023 18:26:01] /home/don/Downloads/Web Grabs/StripchatRecorder-main/captures/juhicpl1/2023.12.13_17.54.00_juhicpl1.mp4 | length=5895.6399444444 | time=5872.007
[Wednesday/December 13/12/2023 18:26:21] /home/don/Downloads/Web Grabs/StripchatRecorder-main/captures/juhicpl1/2023.12.13_17.54.00_juhicpl1.mp4 | length=6081.6629444444 | time=6058.03
[Wednesday/December 13/12/2023 18:26:29] /home/don/Downloads/Web Grabs/StripchatRecorder-main/captures/_emma21/2023.12.13_18.24.08__emma21.mp4 | length=565.05805555556 | time=537.289
[Wednesday/December 13/12/2023 18:27:32] /home/don/Downloads/Web Grabs/StripchatRecorder-main/captures/_emma21/2023.12.13_18.24.08__emma21.mp4 | length=598.11005555556 | time=587.026
[Wednesday/December 13/12/2023 18:27:41] /home/don/Downloads/Web Grabs/StripchatRecorder-main/captures/kajal_patel/2023.12.13_18.12.24_kajal_patel.mp4 | length=766.75202222222 | time=761.193
[Wednesday/December 13/12/2023 18:28:50] /home/don/Downloads/Web Grabs/StripchatRecorder-main/captures/dipa-rani/2023.12.13_17.14.05_dipa-rani.mp4 | length=1702.5441333333 | time=1646.61
[Wednesday/December 13/12/2023 18:29:16] /home/don/Downloads/Web Grabs/StripchatRecorder-main/captures/ambar_sabag/2023.12.13_17.44.22_ambar_sabag.mp4 | length=2768.5990666667 | time=2740.367
[Wednesday/December 13/12/2023 18:29:22] /home/don/Downloads/Web Grabs/StripchatRecorder-main/captures/cuterhea69/2023.12.13_18.10.48_cuterhea69.mp4 | length=1365.7817111111 | time=1321.567
[Wednesday/December 13/12/2023 18:29:25] /home/don/Downloads/Web Grabs/StripchatRecorder-main/captures/cuterhea69/2023.12.13_18.10.48_cuterhea69.mp4 | length=1365.7817111111 | time=1175.9
[Wednesday/December 13/12/2023 18:30:30] /home/don/Downloads/Web Grabs/StripchatRecorder-main/captures/desikuddi143/2023.12.13_18.19.14_desikuddi143.mp4 | length=1037.6564111111 | time=888.567
[Wednesday/December 13/12/2023 18:30:49] /home/don/Downloads/Web Grabs/StripchatRecorder-main/captures/eshika_thakur/2023.12.13_18.29.09_eshika_thakur.mp4 | length=239.53336666667 | time=234.399
[Wednesday/December 13/12/2023 18:32:11] /home/don/Downloads/Web Grabs/StripchatRecorder-main/captures/juhicpl1/2023.12.13_17.54.00_juhicpl1.mp4 | length=6413.6469444444 | time=6002.893
[Wednesday/December 13/12/2023 18:34:21] /home/don/Downloads/Web Grabs/StreaMonitor-master/downloads/Kiritika_1 [SC]/Kiritika_1-20231213-170214.mp4 | length=2.0164 | time=0.509
[Wednesday/December 13/12/2023 18:37:25] /home/don/Downloads/Web Grabs/StripchatRecorder-main/captures/_emma21/2023.12.13_18.24.08__emma21.mp4 | length=619.05305555556 | time=607.967
[Wednesday/December 13/12/2023 18:38:44] /home/don/Downloads/Web Grabs/StripchatRecorder-main/captures/2023.12.13_17.55.10_sweet_jia23.mp4 | length=1091.2439333333 | time=170.43
[Wednesday/December 13/12/2023 18:38:50] /home/don/Downloads/Web Grabs/StripchatRecorder-main/captures/sweet_jia23/2023.12.13_18.38.19_sweet_jia23.mp4 | length=1269.9136666667 | time=1236.687
[Wednesday/December 13/12/2023 18:39:30] /home/don/Downloads/Web Grabs/StripchatRecorder-main/captures/cuterhea69/2023.12.13_18.38.19_cuterhea69.mp4 | length=550.0024 | time=512.033
[Wednesday/December 13/12/2023 18:39:55] /home/don/Downloads/Web Grabs/StripchatRecorder-main/captures/_emma21/2023.12.13_18.37.59__emma21.mp4 | length=612.11028888889 | time=63.392
[Wednesday/December 13/12/2023 18:43:46] /home/don/Downloads/Web Grabs/StripchatRecorder-main/captures/aaishalove/2023.12.13_18.41.05_aaishalove.mp4 | length=3910.8606222222 | time=3744.988
[Wednesday/December 13/12/2023 18:46:39] /home/don/Downloads/Web Grabs/StripchatRecorder-main/captures/simplesiya/2023.12.13_18.38.19_simplesiya.mp4 | length=1206.4713777778 | time=1159.315
[Wednesday/December 13/12/2023 18:46:43] /home/don/Downloads/Web Grabs/StripchatRecorder-main/captures/simplesiya/2023.12.13_17.47.42_simplesiya.mp4 | length=1397.9552222222 | time=1370.032
[Wednesday/December 13/12/2023 18:47:30] /home/don/Downloads/Web Grabs/StripchatRecorder-main/captures/sweet_jia23/2023.12.13_18.38.19_sweet_jia23.mp4 | length=1747.9006666667 | time=1410.367
[Wednesday/December 13/12/2023 18:47:44] /home/don/Downloads/Web Grabs/StripchatRecorder-main/captures/cuterhea69/2023.12.13_18.38.19_cuterhea69.mp4 | length=1066.6694 | time=1014.3
[Wednesday/December 13/12/2023 18:48:26] /home/don/Downloads/Web Grabs/StripchatRecorder-main/captures/juhicpl1/2023.12.13_18.40.23_juhicpl1.mp4 | length=7464.1609444444 | time=7440.527
[Wednesday/December 13/12/2023 19:01:16] /home/don/dwhelper/(4) feel on X 🎥👜طبی httpst.coAmQjtBsCzb X.mp4 | length=0.96 | time=0
[Wednesday/December 13/12/2023 19:11:59] /home/don/Downloads/Web Grabs/fu9M6oIh4KfLYU6w.mp4 | length=140.02166666667 | time=138.92166666667
[Wednesday/December 13/12/2023 20:26:51] /home/don/Downloads/Web Grabs/fu9M6oIh4KfLYU6w.mp4 | length=140.02166666667 | time=126.18833333333
[Wednesday/December 13/12/2023 20:26:57] /home/don/Downloads/yt-dlp/Melina-arabic23 2023-12-13 16_26 - NA.mp4 | length=2.0266666666667 | time=2.0264386016591
[Wednesday/December 13/12/2023 20:26:58] /home/don/Downloads/yt-dlp/MRI Physics ｜ Magnetic Resonance and Spin Echo Sequences - Johns Hopkins Radiology - Johns Hopkins Medicine.mkv | length=632.568 | time=0
[Thursday/December 14/12/2023 12:29:38] /home/don/バック整理してクリップ見る! [v9tvKKo7OCA].mkv | length=14547.788 | time=8030.067
[Thursday/December 14/12/2023 12:30:25] /home/don/Kiritika_1 2023-12-13 15_54 [Kiritika_1].mp4 | length=1.9983333333333 | time=1.035
[Friday/December 15/12/2023 14:26:05] /home/don/Downloads/Torrents/.temp/Chocolate lunch from Karina and Kamilla.mp4 | length=716.384 | time=676.0754
[Friday/December 15/12/2023 14:28:46] /home/don/Downloads/Torrents/.temp/Madam Director Lola/No People Food Allowed.mp4 | length=683.18316666667 | time=449.91746666667
[Friday/December 15/12/2023 14:30:39] /mnt/Data Drive 1/Porn/
AttractiveQueen2002
.mp4 | length=1027.6455328798 | time=0
